mode: atomic
github.com/FelixSeptem/ratelimit/ratelimit.go:16.51,21.2 2 4
github.com/FelixSeptem/ratelimit/ratelimit.go:23.53,24.42 1 2
github.com/FelixSeptem/ratelimit/ratelimit.go:27.2,27.29 1 2
github.com/FelixSeptem/ratelimit/ratelimit.go:30.2,30.39 1 2
github.com/FelixSeptem/ratelimit/ratelimit.go:37.2,37.12 1 2
github.com/FelixSeptem/ratelimit/ratelimit.go:24.42,26.3 1 0
github.com/FelixSeptem/ratelimit/ratelimit.go:27.29,29.3 1 0
github.com/FelixSeptem/ratelimit/ratelimit.go:30.39,32.10 2 200
github.com/FelixSeptem/ratelimit/ratelimit.go:33.29,33.29 0 200
github.com/FelixSeptem/ratelimit/ratelimit.go:34.11,34.11 0 0
github.com/FelixSeptem/ratelimit/ratelimit.go:40.64,42.6 2 1
github.com/FelixSeptem/ratelimit/ratelimit.go:42.6,43.10 1 101
github.com/FelixSeptem/ratelimit/ratelimit.go:44.24,45.12 1 100
github.com/FelixSeptem/ratelimit/ratelimit.go:46.19,47.14 1 1
github.com/FelixSeptem/ratelimit/ratelimit.go:52.87,55.12 3 1
github.com/FelixSeptem/ratelimit/ratelimit.go:68.2,68.20 1 1
github.com/FelixSeptem/ratelimit/ratelimit.go:73.2,73.11 1 0
github.com/FelixSeptem/ratelimit/ratelimit.go:55.12,57.7 2 1
github.com/FelixSeptem/ratelimit/ratelimit.go:57.7,60.11 3 13
github.com/FelixSeptem/ratelimit/ratelimit.go:65.4,65.77 1 12
github.com/FelixSeptem/ratelimit/ratelimit.go:61.30,61.30 0 12
github.com/FelixSeptem/ratelimit/ratelimit.go:62.12,62.12 0 0
github.com/FelixSeptem/ratelimit/ratelimit.go:68.20,72.3 3 1
github.com/FelixSeptem/ratelimit/ratelimit.go:77.51,82.9 2 1
github.com/FelixSeptem/ratelimit/ratelimit.go:89.2,89.21 1 1
github.com/FelixSeptem/ratelimit/ratelimit.go:83.30,86.15 3 1
github.com/FelixSeptem/ratelimit/ratelimit.go:87.10,87.10 0 0
